-------------------------------------------
Batch: 0
-------------------------------------------
+--------------------+---------+
|               email|birthYear|
+--------------------+---------+
|Angie.Mitra@test.com|     1965|
|Santosh.Clark@tes...|     1964|
| John.Mitra@test.com|     1963|
|Ben.Anderson@test...|     1962|
|Edward.Sanchez@te...|     1961|
|Edward.Staples@te...|     1960|
|Ashley.Habschied@...|     1959|
|Dan.Spencer@test.com|     1958|
|Sarah.Jackson@tes...|     1957|
| Chris.Huey@test.com|     1956|
|Ashley.Jefferson@...|     1955|
|Sean.Anderson@tes...|     1954|
|Jane.Gonzalez@tes...|     1953|
|Larry.Lincoln@tes...|     1952|
|David.Spencer@tes...|     1951|
| Dan.Hansen@test.com|     1950|
|Suresh.Olson@test...|     1949|
|David.Gonzalez@te...|     1948|
|Dan.Habschied@tes...|     1947|
|Craig.Hansen@test...|     1946|
+--------------------+---------+
only showing top 20 rows

-------------------------------------------
Batch: 1
-------------------------------------------
+-----+---------+
|email|birthYear|
+-----+---------+
+-----+---------+

-------------------------------------------
Batch: 2
-------------------------------------------
+-----+---------+
|email|birthYear|
+-----+---------+
+-----+---------+

-------------------------------------------
Batch: 3
-------------------------------------------
+-----+---------+
|email|birthYear|
+-----+---------+
+-----+---------+

-------------------------------------------
Batch: 4
-------------------------------------------
+-----+---------+
|email|birthYear|
+-----+---------+
+-----+---------+

-------------------------------------------
Batch: 5
-------------------------------------------
+-----+---------+
|email|birthYear|
+-----+---------+
+-----+---------+

-------------------------------------------
Batch: 6
-------------------------------------------
