Spark Command: /usr/lib/jvm/java-8-openjdk-amd64/jre/bin/java -cp /opt/spark-2.3.4-bin-hadoop2.7/conf/:/opt/spark-2.3.4-bin-hadoop2.7/jars/* -Xmx1g org.apache.spark.deploy.master.Master --host c21909a0c0a2bb27b0cc65a8f14de2a2a8099627-644c8445cf-5x6jp --port 7077 --webui-port 8080
========================================
2024-09-08 13:58:25 INFO  Master:2612 - Started daemon with process name: 2068@c21909a0c0a2bb27b0cc65a8f14de2a2a8099627-644c8445cf-5x6jp
2024-09-08 13:58:25 INFO  SignalUtils:54 - Registered signal handler for TERM
2024-09-08 13:58:25 INFO  SignalUtils:54 - Registered signal handler for HUP
2024-09-08 13:58:25 INFO  SignalUtils:54 - Registered signal handler for INT
2024-09-08 13:58:26 WARN  NativeCodeLoader:62 - Unable to load native-hadoop library for your platform... using builtin-java classes where applicable
2024-09-08 13:58:27 INFO  SecurityManager:54 - Changing view acls to: root
2024-09-08 13:58:27 INFO  SecurityManager:54 - Changing modify acls to: root
2024-09-08 13:58:27 INFO  SecurityManager:54 - Changing view acls groups to: 
2024-09-08 13:58:27 INFO  SecurityManager:54 - Changing modify acls groups to: 
2024-09-08 13:58:27 INFO  SecurityManager:54 - SecurityManager: authentication disabled; ui acls disabled; users  with view permissions: Set(root); groups with view permissions: Set(); users  with modify permissions: Set(root); groups with modify permissions: Set()
2024-09-08 13:58:27 INFO  Utils:54 - Successfully started service 'sparkMaster' on port 7077.
2024-09-08 13:58:28 INFO  Master:54 - Starting Spark master at spark://c21909a0c0a2bb27b0cc65a8f14de2a2a8099627-644c8445cf-5x6jp:7077
2024-09-08 13:58:28 INFO  Master:54 - Running Spark version 2.3.4
2024-09-08 13:58:28 INFO  log:192 - Logging initialized @4497ms
2024-09-08 13:58:28 INFO  Server:351 - jetty-9.3.z-SNAPSHOT, build timestamp: unknown, git hash: unknown
2024-09-08 13:58:28 INFO  Server:419 - Started @4617ms
2024-09-08 13:58:28 INFO  AbstractConnector:278 - Started ServerConnector@747f382a{HTTP/1.1,[http/1.1]}{0.0.0.0:8080}
2024-09-08 13:58:28 INFO  Utils:54 - Successfully started service 'MasterUI' on port 8080.
2024-09-08 13:58:28 INFO  ContextHandler:781 - Started o.s.j.s.ServletContextHandler@4d27220a{/app,null,AVAILABLE,@Spark}
2024-09-08 13:58:28 INFO  ContextHandler:781 - Started o.s.j.s.ServletContextHandler@1e717cf0{/app/json,null,AVAILABLE,@Spark}
2024-09-08 13:58:28 INFO  ContextHandler:781 - Started o.s.j.s.ServletContextHandler@6a4153b0{/,null,AVAILABLE,@Spark}
2024-09-08 13:58:28 INFO  ContextHandler:781 - Started o.s.j.s.ServletContextHandler@5493e395{/json,null,AVAILABLE,@Spark}
2024-09-08 13:58:28 INFO  ContextHandler:781 - Started o.s.j.s.ServletContextHandler@4110930b{/static,null,AVAILABLE,@Spark}
2024-09-08 13:58:29 INFO  ContextHandler:781 - Started o.s.j.s.ServletContextHandler@44fc129a{/app/kill,null,AVAILABLE,@Spark}
2024-09-08 13:58:29 INFO  ContextHandler:781 - Started o.s.j.s.ServletContextHandler@20b1df3d{/driver/kill,null,AVAILABLE,@Spark}
2024-09-08 13:58:29 INFO  MasterWebUI:54 - Bound MasterWebUI to 0.0.0.0, and started at http://c21909a0c0a2bb27b0cc65a8f14de2a2a8099627-644c8445cf-5x6jp:8080
2024-09-08 13:58:29 INFO  Server:351 - jetty-9.3.z-SNAPSHOT, build timestamp: unknown, git hash: unknown
2024-09-08 13:58:29 INFO  ContextHandler:781 - Started o.s.j.s.ServletContextHandler@48f0cd7e{/,null,AVAILABLE}
2024-09-08 13:58:29 INFO  AbstractConnector:278 - Started ServerConnector@201c5e43{HTTP/1.1,[http/1.1]}{c21909a0c0a2bb27b0cc65a8f14de2a2a8099627-644c8445cf-5x6jp:6066}
2024-09-08 13:58:29 INFO  Server:419 - Started @5201ms
2024-09-08 13:58:29 INFO  Utils:54 - Successfully started service on port 6066.
2024-09-08 13:58:29 INFO  StandaloneRestServer:54 - Started REST server for submitting applications on port 6066
2024-09-08 13:58:29 INFO  ContextHandler:781 - Started o.s.j.s.ServletContextHandler@7668c1e6{/metrics/master/json,null,AVAILABLE,@Spark}
2024-09-08 13:58:29 INFO  ContextHandler:781 - Started o.s.j.s.ServletContextHandler@414e8a9e{/metrics/applications/json,null,AVAILABLE,@Spark}
2024-09-08 13:58:29 INFO  Master:54 - I have been elected leader! New state: ALIVE
2024-09-08 13:59:15 INFO  Master:54 - Registering worker 10.124.0.171:38429 with 16 cores, 124.8 GB RAM
