Spark Command: /usr/lib/jvm/java-8-openjdk-amd64/jre/bin/java -cp /opt/spark-2.3.4-bin-hadoop2.7/conf/:/opt/spark-2.3.4-bin-hadoop2.7/jars/* -Xmx1g org.apache.spark.deploy.worker.Worker --webui-port 8081 spark://c21909a0c0a2bb27b0cc65a8f14de2a2a8099627-644c8445cf-5x6jp:7077
========================================
2024-09-08 13:59:11 INFO  Worker:2612 - Started daemon with process name: 2206@c21909a0c0a2bb27b0cc65a8f14de2a2a8099627-644c8445cf-5x6jp
2024-09-08 13:59:11 INFO  SignalUtils:54 - Registered signal handler for TERM
2024-09-08 13:59:11 INFO  SignalUtils:54 - Registered signal handler for HUP
2024-09-08 13:59:11 INFO  SignalUtils:54 - Registered signal handler for INT
2024-09-08 13:59:12 WARN  NativeCodeLoader:62 - Unable to load native-hadoop library for your platform... using builtin-java classes where applicable
2024-09-08 13:59:12 INFO  SecurityManager:54 - Changing view acls to: root
2024-09-08 13:59:12 INFO  SecurityManager:54 - Changing modify acls to: root
2024-09-08 13:59:12 INFO  SecurityManager:54 - Changing view acls groups to: 
2024-09-08 13:59:12 INFO  SecurityManager:54 - Changing modify acls groups to: 
2024-09-08 13:59:12 INFO  SecurityManager:54 - SecurityManager: authentication disabled; ui acls disabled; users  with view permissions: Set(root); groups with view permissions: Set(); users  with modify permissions: Set(root); groups with modify permissions: Set()
2024-09-08 13:59:13 INFO  Utils:54 - Successfully started service 'sparkWorker' on port 38429.
2024-09-08 13:59:14 INFO  Worker:54 - Starting Spark worker 10.124.0.171:38429 with 16 cores, 124.8 GB RAM
2024-09-08 13:59:14 INFO  Worker:54 - Running Spark version 2.3.4
2024-09-08 13:59:14 INFO  Worker:54 - Spark home: /opt/spark-2.3.4-bin-hadoop2.7
2024-09-08 13:59:14 INFO  log:192 - Logging initialized @4887ms
2024-09-08 13:59:14 INFO  Server:351 - jetty-9.3.z-SNAPSHOT, build timestamp: unknown, git hash: unknown
2024-09-08 13:59:14 INFO  Server:419 - Started @5064ms
2024-09-08 13:59:14 WARN  Utils:66 - Service 'WorkerUI' could not bind on port 8081. Attempting port 8082.
2024-09-08 13:59:14 WARN  Utils:66 - Service 'WorkerUI' could not bind on port 8082. Attempting port 8083.
2024-09-08 13:59:14 WARN  Utils:66 - Service 'WorkerUI' could not bind on port 8083. Attempting port 8084.
2024-09-08 13:59:14 INFO  AbstractConnector:278 - Started ServerConnector@420f550f{HTTP/1.1,[http/1.1]}{0.0.0.0:8084}
2024-09-08 13:59:14 INFO  Utils:54 - Successfully started service 'WorkerUI' on port 8084.
2024-09-08 13:59:14 INFO  ContextHandler:781 - Started o.s.j.s.ServletContextHandler@6fe9cd8f{/logPage,null,AVAILABLE,@Spark}
2024-09-08 13:59:14 INFO  ContextHandler:781 - Started o.s.j.s.ServletContextHandler@103567f3{/logPage/json,null,AVAILABLE,@Spark}
2024-09-08 13:59:14 INFO  ContextHandler:781 - Started o.s.j.s.ServletContextHandler@7025717e{/,null,AVAILABLE,@Spark}
2024-09-08 13:59:14 INFO  ContextHandler:781 - Started o.s.j.s.ServletContextHandler@17debba8{/json,null,AVAILABLE,@Spark}
2024-09-08 13:59:14 INFO  ContextHandler:781 - Started o.s.j.s.ServletContextHandler@2c6f5c5f{/static,null,AVAILABLE,@Spark}
2024-09-08 13:59:14 INFO  ContextHandler:781 - Started o.s.j.s.ServletContextHandler@5281adf8{/log,null,AVAILABLE,@Spark}
2024-09-08 13:59:14 INFO  WorkerWebUI:54 - Bound WorkerWebUI to 0.0.0.0, and started at http://c21909a0c0a2bb27b0cc65a8f14de2a2a8099627-644c8445cf-5x6jp:8084
2024-09-08 13:59:14 INFO  Worker:54 - Connecting to master c21909a0c0a2bb27b0cc65a8f14de2a2a8099627-644c8445cf-5x6jp:7077...
2024-09-08 13:59:14 INFO  ContextHandler:781 - Started o.s.j.s.ServletContextHandler@715d274{/metrics/json,null,AVAILABLE,@Spark}
2024-09-08 13:59:14 INFO  TransportClientFactory:267 - Successfully created connection to c21909a0c0a2bb27b0cc65a8f14de2a2a8099627-644c8445cf-5x6jp/10.124.0.171:7077 after 107 ms (0 ms spent in bootstraps)
2024-09-08 13:59:15 INFO  Worker:54 - Successfully registered with master spark://c21909a0c0a2bb27b0cc65a8f14de2a2a8099627-644c8445cf-5x6jp:7077
